Warn : deprecated option: -p/--pipe. Use '-c "gdb_port pipe; log_output openocd.log"' instead.
adapter speed: 8000 kHz
Info : clock speed 8000 kHz
Info : JTAG tap: arc-em.cpu tap/device found: 0x200444b1 (mfg: 0x258, part: 0x0044, ver: 0x2)
Info : JTAG tap: arc-em.cpu tap/device found: 0x200444b1 (mfg: 0x258, part: 0x0044, ver: 0x2)
target state: halted
Info : accepting 'gdb' connection from pipe
Warn : keep_alive() was not invoked in the 1000ms timelimit. GDB alive packet not sent! (60111). Workaround: increase "set remotetimeout" in GDB
Warn : keep_alive() was not invoked in the 1000ms timelimit. GDB alive packet not sent! (60000). Workaround: increase "set remotetimeout" in GDB
Warn : keep_alive() was not invoked in the 1000ms timelimit. GDB alive packet not sent! (60000). Workaround: increase "set remotetimeout" in GDB
Warn : keep_alive() was not invoked in the 1000ms timelimit. GDB alive packet not sent! (60001). Workaround: increase "set remotetimeout" in GDB
Warn : keep_alive() was not invoked in the 1000ms timelimit. GDB alive packet not sent! (60000). Workaround: increase "set remotetimeout" in GDB
Warn : keep_alive() was not invoked in the 1000ms timelimit. GDB alive packet not sent! (60001). Workaround: increase "set remotetimeout" in GDB
Warn : keep_alive() was not invoked in the 1000ms timelimit. GDB alive packet not sent! (60001). Workaround: increase "set remotetimeout" in GDB
Warn : keep_alive() was not invoked in the 1000ms timelimit. GDB alive packet not sent! (60000). Workaround: increase "set remotetimeout" in GDB
Warn : keep_alive() was not invoked in the 1000ms timelimit. GDB alive packet not sent! (60001). Workaround: increase "set remotetimeout" in GDB
Warn : keep_alive() was not invoked in the 1000ms timelimit. GDB alive packet not sent! (60000). Workaround: increase "set remotetimeout" in GDB
Warn : keep_alive() was not invoked in the 1000ms timelimit. GDB alive packet not sent! (60000). Workaround: increase "set remotetimeout" in GDB
Warn : keep_alive() was not invoked in the 1000ms timelimit. GDB alive packet not sent! (60000). Workaround: increase "set remotetimeout" in GDB
Warn : keep_alive() was not invoked in the 1000ms timelimit. GDB alive packet not sent! (60001). Workaround: increase "set remotetimeout" in GDB
Warn : keep_alive() was not invoked in the 1000ms timelimit. GDB alive packet not sent! (60000). Workaround: increase "set remotetimeout" in GDB
Warn : keep_alive() was not invoked in the 1000ms timelimit. GDB alive packet not sent! (60001). Workaround: increase "set remotetimeout" in GDB
Warn : keep_alive() was not invoked in the 1000ms timelimit. GDB alive packet not sent! (60001). Workaround: increase "set remotetimeout" in GDB
Warn : keep_alive() was not invoked in the 1000ms timelimit. GDB alive packet not sent! (60000). Workaround: increase "set remotetimeout" in GDB
Warn : keep_alive() was not invoked in the 1000ms timelimit. GDB alive packet not sent! (60000). Workaround: increase "set remotetimeout" in GDB
Warn : keep_alive() was not invoked in the 1000ms timelimit. GDB alive packet not sent! (60000). Workaround: increase "set remotetimeout" in GDB
Warn : keep_alive() was not invoked in the 1000ms timelimit. GDB alive packet not sent! (60000). Workaround: increase "set remotetimeout" in GDB
Warn : keep_alive() was not invoked in the 1000ms timelimit. GDB alive packet not sent! (60001). Workaround: increase "set remotetimeout" in GDB
Warn : keep_alive() was not invoked in the 1000ms timelimit. GDB alive packet not sent! (60000). Workaround: increase "set remotetimeout" in GDB
Warn : keep_alive() was not invoked in the 1000ms timelimit. GDB alive packet not sent! (60000). Workaround: increase "set remotetimeout" in GDB
Warn : keep_alive() was not invoked in the 1000ms timelimit. GDB alive packet not sent! (60000). Workaround: increase "set remotetimeout" in GDB
Warn : keep_alive() was not invoked in the 1000ms timelimit. GDB alive packet not sent! (60001). Workaround: increase "set remotetimeout" in GDB
Warn : keep_alive() was not invoked in the 1000ms timelimit. GDB alive packet not sent! (60001). Workaround: increase "set remotetimeout" in GDB
Warn : keep_alive() was not invoked in the 1000ms timelimit. GDB alive packet not sent! (60000). Workaround: increase "set remotetimeout" in GDB
Warn : keep_alive() was not invoked in the 1000ms timelimit. GDB alive packet not sent! (60001). Workaround: increase "set remotetimeout" in GDB
Warn : keep_alive() was not invoked in the 1000ms timelimit. GDB alive packet not sent! (60000). Workaround: increase "set remotetimeout" in GDB
Warn : keep_alive() was not invoked in the 1000ms timelimit. GDB alive packet not sent! (60002). Workaround: increase "set remotetimeout" in GDB
Warn : keep_alive() was not invoked in the 1000ms timelimit. GDB alive packet not sent! (60001). Workaround: increase "set remotetimeout" in GDB
Warn : keep_alive() was not invoked in the 1000ms timelimit. GDB alive packet not sent! (60000). Workaround: increase "set remotetimeout" in GDB
Warn : keep_alive() was not invoked in the 1000ms timelimit. GDB alive packet not sent! (60001). Workaround: increase "set remotetimeout" in GDB
Warn : keep_alive() was not invoked in the 1000ms timelimit. GDB alive packet not sent! (60001). Workaround: increase "set remotetimeout" in GDB
Warn : keep_alive() was not invoked in the 1000ms timelimit. GDB alive packet not sent! (60000). Workaround: increase "set remotetimeout" in GDB
Warn : keep_alive() was not invoked in the 1000ms timelimit. GDB alive packet not sent! (60001). Workaround: increase "set remotetimeout" in GDB
Warn : keep_alive() was not invoked in the 1000ms timelimit. GDB alive packet not sent! (60001). Workaround: increase "set remotetimeout" in GDB
Warn : keep_alive() was not invoked in the 1000ms timelimit. GDB alive packet not sent! (60000). Workaround: increase "set remotetimeout" in GDB
Warn : keep_alive() was not invoked in the 1000ms timelimit. GDB alive packet not sent! (60001). Workaround: increase "set remotetimeout" in GDB
Warn : keep_alive() was not invoked in the 1000ms timelimit. GDB alive packet not sent! (60001). Workaround: increase "set remotetimeout" in GDB
Warn : keep_alive() was not invoked in the 1000ms timelimit. GDB alive packet not sent! (60000). Workaround: increase "set remotetimeout" in GDB
Warn : keep_alive() was not invoked in the 1000ms timelimit. GDB alive packet not sent! (60000). Workaround: increase "set remotetimeout" in GDB
Warn : keep_alive() was not invoked in the 1000ms timelimit. GDB alive packet not sent! (60000). Workaround: increase "set remotetimeout" in GDB
Warn : keep_alive() was not invoked in the 1000ms timelimit. GDB alive packet not sent! (60001). Workaround: increase "set remotetimeout" in GDB
Warn : keep_alive() was not invoked in the 1000ms timelimit. GDB alive packet not sent! (60000). Workaround: increase "set remotetimeout" in GDB
Warn : keep_alive() was not invoked in the 1000ms timelimit. GDB alive packet not sent! (60001). Workaround: increase "set remotetimeout" in GDB
Warn : keep_alive() was not invoked in the 1000ms timelimit. GDB alive packet not sent! (60001). Workaround: increase "set remotetimeout" in GDB
Warn : keep_alive() was not invoked in the 1000ms timelimit. GDB alive packet not sent! (60000). Workaround: increase "set remotetimeout" in GDB
Warn : keep_alive() was not invoked in the 1000ms timelimit. GDB alive packet not sent! (60001). Workaround: increase "set remotetimeout" in GDB
Warn : keep_alive() was not invoked in the 1000ms timelimit. GDB alive packet not sent! (60000). Workaround: increase "set remotetimeout" in GDB
Warn : keep_alive() was not invoked in the 1000ms timelimit. GDB alive packet not sent! (60001). Workaround: increase "set remotetimeout" in GDB
Warn : keep_alive() was not invoked in the 1000ms timelimit. GDB alive packet not sent! (60000). Workaround: increase "set remotetimeout" in GDB
Warn : keep_alive() was not invoked in the 1000ms timelimit. GDB alive packet not sent! (60001). Workaround: increase "set remotetimeout" in GDB
Warn : keep_alive() was not invoked in the 1000ms timelimit. GDB alive packet not sent! (60000). Workaround: increase "set remotetimeout" in GDB
Warn : keep_alive() was not invoked in the 1000ms timelimit. GDB alive packet not sent! (619436). Workaround: increase "set remotetimeout" in GDB
Warn : keep_alive() was not invoked in the 1000ms timelimit. GDB alive packet not sent! (60001). Workaround: increase "set remotetimeout" in GDB
Warn : keep_alive() was not invoked in the 1000ms timelimit. GDB alive packet not sent! (60000). Workaround: increase "set remotetimeout" in GDB
Warn : keep_alive() was not invoked in the 1000ms timelimit. GDB alive packet not sent! (60001). Workaround: increase "set remotetimeout" in GDB
Warn : keep_alive() was not invoked in the 1000ms timelimit. GDB alive packet not sent! (60000). Workaround: increase "set remotetimeout" in GDB
Warn : keep_alive() was not invoked in the 1000ms timelimit. GDB alive packet not sent! (60000). Workaround: increase "set remotetimeout" in GDB
Warn : keep_alive() was not invoked in the 1000ms timelimit. GDB alive packet not sent! (60001). Workaround: increase "set remotetimeout" in GDB
Warn : keep_alive() was not invoked in the 1000ms timelimit. GDB alive packet not sent! (60000). Workaround: increase "set remotetimeout" in GDB
Warn : keep_alive() was not invoked in the 1000ms timelimit. GDB alive packet not sent! (60001). Workaround: increase "set remotetimeout" in GDB
Warn : keep_alive() was not invoked in the 1000ms timelimit. GDB alive packet not sent! (60000). Workaround: increase "set remotetimeout" in GDB
Warn : keep_alive() was not invoked in the 1000ms timelimit. GDB alive packet not sent! (60000). Workaround: increase "set remotetimeout" in GDB
Warn : keep_alive() was not invoked in the 1000ms timelimit. GDB alive packet not sent! (60001). Workaround: increase "set remotetimeout" in GDB
Warn : keep_alive() was not invoked in the 1000ms timelimit. GDB alive packet not sent! (60000). Workaround: increase "set remotetimeout" in GDB
Warn : keep_alive() was not invoked in the 1000ms timelimit. GDB alive packet not sent! (60002). Workaround: increase "set remotetimeout" in GDB
Warn : keep_alive() was not invoked in the 1000ms timelimit. GDB alive packet not sent! (60000). Workaround: increase "set remotetimeout" in GDB
Warn : keep_alive() was not invoked in the 1000ms timelimit. GDB alive packet not sent! (60001). Workaround: increase "set remotetimeout" in GDB
Warn : keep_alive() was not invoked in the 1000ms timelimit. GDB alive packet not sent! (60000). Workaround: increase "set remotetimeout" in GDB
Warn : keep_alive() was not invoked in the 1000ms timelimit. GDB alive packet not sent! (60001). Workaround: increase "set remotetimeout" in GDB
Warn : keep_alive() was not invoked in the 1000ms timelimit. GDB alive packet not sent! (60001). Workaround: increase "set remotetimeout" in GDB
Warn : keep_alive() was not invoked in the 1000ms timelimit. GDB alive packet not sent! (60000). Workaround: increase "set remotetimeout" in GDB
Warn : keep_alive() was not invoked in the 1000ms timelimit. GDB alive packet not sent! (60000). Workaround: increase "set remotetimeout" in GDB
Warn : keep_alive() was not invoked in the 1000ms timelimit. GDB alive packet not sent! (60001). Workaround: increase "set remotetimeout" in GDB
Warn : keep_alive() was not invoked in the 1000ms timelimit. GDB alive packet not sent! (60001). Workaround: increase "set remotetimeout" in GDB
Warn : keep_alive() was not invoked in the 1000ms timelimit. GDB alive packet not sent! (60001). Workaround: increase "set remotetimeout" in GDB
Warn : keep_alive() was not invoked in the 1000ms timelimit. GDB alive packet not sent! (60001). Workaround: increase "set remotetimeout" in GDB
Warn : keep_alive() was not invoked in the 1000ms timelimit. GDB alive packet not sent! (60001). Workaround: increase "set remotetimeout" in GDB
Warn : keep_alive() was not invoked in the 1000ms timelimit. GDB alive packet not sent! (60000). Workaround: increase "set remotetimeout" in GDB
Warn : keep_alive() was not invoked in the 1000ms timelimit. GDB alive packet not sent! (60001). Workaround: increase "set remotetimeout" in GDB
Warn : keep_alive() was not invoked in the 1000ms timelimit. GDB alive packet not sent! (60001). Workaround: increase "set remotetimeout" in GDB
Warn : keep_alive() was not invoked in the 1000ms timelimit. GDB alive packet not sent! (60000). Workaround: increase "set remotetimeout" in GDB
Warn : keep_alive() was not invoked in the 1000ms timelimit. GDB alive packet not sent! (60002). Workaround: increase "set remotetimeout" in GDB
Warn : keep_alive() was not invoked in the 1000ms timelimit. GDB alive packet not sent! (60000). Workaround: increase "set remotetimeout" in GDB
Warn : keep_alive() was not invoked in the 1000ms timelimit. GDB alive packet not sent! (60000). Workaround: increase "set remotetimeout" in GDB
Warn : keep_alive() was not invoked in the 1000ms timelimit. GDB alive packet not sent! (60001). Workaround: increase "set remotetimeout" in GDB
Warn : keep_alive() was not invoked in the 1000ms timelimit. GDB alive packet not sent! (60001). Workaround: increase "set remotetimeout" in GDB
Warn : keep_alive() was not invoked in the 1000ms timelimit. GDB alive packet not sent! (60000). Workaround: increase "set remotetimeout" in GDB
Warn : keep_alive() was not invoked in the 1000ms timelimit. GDB alive packet not sent! (60001). Workaround: increase "set remotetimeout" in GDB
Warn : keep_alive() was not invoked in the 1000ms timelimit. GDB alive packet not sent! (60000). Workaround: increase "set remotetimeout" in GDB
Warn : keep_alive() was not invoked in the 1000ms timelimit. GDB alive packet not sent! (60000). Workaround: increase "set remotetimeout" in GDB
Warn : keep_alive() was not invoked in the 1000ms timelimit. GDB alive packet not sent! (60001). Workaround: increase "set remotetimeout" in GDB
Warn : keep_alive() was not invoked in the 1000ms timelimit. GDB alive packet not sent! (60000). Workaround: increase "set remotetimeout" in GDB
Warn : keep_alive() was not invoked in the 1000ms timelimit. GDB alive packet not sent! (60001). Workaround: increase "set remotetimeout" in GDB
Warn : keep_alive() was not invoked in the 1000ms timelimit. GDB alive packet not sent! (60000). Workaround: increase "set remotetimeout" in GDB
Warn : keep_alive() was not invoked in the 1000ms timelimit. GDB alive packet not sent! (60001). Workaround: increase "set remotetimeout" in GDB
Warn : keep_alive() was not invoked in the 1000ms timelimit. GDB alive packet not sent! (60001). Workaround: increase "set remotetimeout" in GDB
Warn : keep_alive() was not invoked in the 1000ms timelimit. GDB alive packet not sent! (60000). Workaround: increase "set remotetimeout" in GDB
Warn : keep_alive() was not invoked in the 1000ms timelimit. GDB alive packet not sent! (60001). Workaround: increase "set remotetimeout" in GDB
Warn : keep_alive() was not invoked in the 1000ms timelimit. GDB alive packet not sent! (60000). Workaround: increase "set remotetimeout" in GDB
Warn : keep_alive() was not invoked in the 1000ms timelimit. GDB alive packet not sent! (60001). Workaround: increase "set remotetimeout" in GDB
Warn : keep_alive() was not invoked in the 1000ms timelimit. GDB alive packet not sent! (60001). Workaround: increase "set remotetimeout" in GDB
Warn : keep_alive() was not invoked in the 1000ms timelimit. GDB alive packet not sent! (60000). Workaround: increase "set remotetimeout" in GDB
Warn : keep_alive() was not invoked in the 1000ms timelimit. GDB alive packet not sent! (60001). Workaround: increase "set remotetimeout" in GDB
Warn : keep_alive() was not invoked in the 1000ms timelimit. GDB alive packet not sent! (60000). Workaround: increase "set remotetimeout" in GDB
Warn : keep_alive() was not invoked in the 1000ms timelimit. GDB alive packet not sent! (726723). Workaround: increase "set remotetimeout" in GDB
Warn : keep_alive() was not invoked in the 1000ms timelimit. GDB alive packet not sent! (60001). Workaround: increase "set remotetimeout" in GDB
Warn : keep_alive() was not invoked in the 1000ms timelimit. GDB alive packet not sent! (60000). Workaround: increase "set remotetimeout" in GDB
Warn : keep_alive() was not invoked in the 1000ms timelimit. GDB alive packet not sent! (60000). Workaround: increase "set remotetimeout" in GDB
Warn : keep_alive() was not invoked in the 1000ms timelimit. GDB alive packet not sent! (60000). Workaround: increase "set remotetimeout" in GDB
Warn : keep_alive() was not invoked in the 1000ms timelimit. GDB alive packet not sent! (60001). Workaround: increase "set remotetimeout" in GDB
Warn : keep_alive() was not invoked in the 1000ms timelimit. GDB alive packet not sent! (60001). Workaround: increase "set remotetimeout" in GDB
Warn : keep_alive() was not invoked in the 1000ms timelimit. GDB alive packet not sent! (60000). Workaround: increase "set remotetimeout" in GDB
Warn : keep_alive() was not invoked in the 1000ms timelimit. GDB alive packet not sent! (60001). Workaround: increase "set remotetimeout" in GDB
Warn : keep_alive() was not invoked in the 1000ms timelimit. GDB alive packet not sent! (60000). Workaround: increase "set remotetimeout" in GDB
Warn : keep_alive() was not invoked in the 1000ms timelimit. GDB alive packet not sent! (60001). Workaround: increase "set remotetimeout" in GDB
Warn : keep_alive() was not invoked in the 1000ms timelimit. GDB alive packet not sent! (60000). Workaround: increase "set remotetimeout" in GDB
Warn : keep_alive() was not invoked in the 1000ms timelimit. GDB alive packet not sent! (60001). Workaround: increase "set remotetimeout" in GDB
Warn : keep_alive() was not invoked in the 1000ms timelimit. GDB alive packet not sent! (60001). Workaround: increase "set remotetimeout" in GDB
Warn : keep_alive() was not invoked in the 1000ms timelimit. GDB alive packet not sent! (686512). Workaround: increase "set remotetimeout" in GDB
Warn : keep_alive() was not invoked in the 1000ms timelimit. GDB alive packet not sent! (60000). Workaround: increase "set remotetimeout" in GDB
Warn : keep_alive() was not invoked in the 1000ms timelimit. GDB alive packet not sent! (60000). Workaround: increase "set remotetimeout" in GDB
Warn : keep_alive() was not invoked in the 1000ms timelimit. GDB alive packet not sent! (60000). Workaround: increase "set remotetimeout" in GDB
Warn : keep_alive() was not invoked in the 1000ms timelimit. GDB alive packet not sent! (60000). Workaround: increase "set remotetimeout" in GDB
Warn : keep_alive() was not invoked in the 1000ms timelimit. GDB alive packet not sent! (60001). Workaround: increase "set remotetimeout" in GDB
Warn : keep_alive() was not invoked in the 1000ms timelimit. GDB alive packet not sent! (60001). Workaround: increase "set remotetimeout" in GDB
Warn : keep_alive() was not invoked in the 1000ms timelimit. GDB alive packet not sent! (60000). Workaround: increase "set remotetimeout" in GDB
Warn : keep_alive() was not invoked in the 1000ms timelimit. GDB alive packet not sent! (60000). Workaround: increase "set remotetimeout" in GDB
Warn : keep_alive() was not invoked in the 1000ms timelimit. GDB alive packet not sent! (60000). Workaround: increase "set remotetimeout" in GDB
Warn : keep_alive() was not invoked in the 1000ms timelimit. GDB alive packet not sent! (60000). Workaround: increase "set remotetimeout" in GDB
Warn : keep_alive() was not invoked in the 1000ms timelimit. GDB alive packet not sent! (60001). Workaround: increase "set remotetimeout" in GDB
Warn : keep_alive() was not invoked in the 1000ms timelimit. GDB alive packet not sent! (60001). Workaround: increase "set remotetimeout" in GDB
Warn : keep_alive() was not invoked in the 1000ms timelimit. GDB alive packet not sent! (60000). Workaround: increase "set remotetimeout" in GDB
Warn : keep_alive() was not invoked in the 1000ms timelimit. GDB alive packet not sent! (60000). Workaround: increase "set remotetimeout" in GDB
Warn : keep_alive() was not invoked in the 1000ms timelimit. GDB alive packet not sent! (60000). Workaround: increase "set remotetimeout" in GDB
Warn : keep_alive() was not invoked in the 1000ms timelimit. GDB alive packet not sent! (60001). Workaround: increase "set remotetimeout" in GDB
Warn : keep_alive() was not invoked in the 1000ms timelimit. GDB alive packet not sent! (60000). Workaround: increase "set remotetimeout" in GDB
Warn : keep_alive() was not invoked in the 1000ms timelimit. GDB alive packet not sent! (60001). Workaround: increase "set remotetimeout" in GDB
Warn : keep_alive() was not invoked in the 1000ms timelimit. GDB alive packet not sent! (60001). Workaround: increase "set remotetimeout" in GDB
Warn : keep_alive() was not invoked in the 1000ms timelimit. GDB alive packet not sent! (60001). Workaround: increase "set remotetimeout" in GDB
Warn : keep_alive() was not invoked in the 1000ms timelimit. GDB alive packet not sent! (60000). Workaround: increase "set remotetimeout" in GDB
Warn : keep_alive() was not invoked in the 1000ms timelimit. GDB alive packet not sent! (60001). Workaround: increase "set remotetimeout" in GDB
Warn : keep_alive() was not invoked in the 1000ms timelimit. GDB alive packet not sent! (60000). Workaround: increase "set remotetimeout" in GDB
Warn : keep_alive() was not invoked in the 1000ms timelimit. GDB alive packet not sent! (60001). Workaround: increase "set remotetimeout" in GDB
Warn : keep_alive() was not invoked in the 1000ms timelimit. GDB alive packet not sent! (60000). Workaround: increase "set remotetimeout" in GDB
Warn : keep_alive() was not invoked in the 1000ms timelimit. GDB alive packet not sent! (60001). Workaround: increase "set remotetimeout" in GDB
Warn : keep_alive() was not invoked in the 1000ms timelimit. GDB alive packet not sent! (60001). Workaround: increase "set remotetimeout" in GDB
Warn : keep_alive() was not invoked in the 1000ms timelimit. GDB alive packet not sent! (60000). Workaround: increase "set remotetimeout" in GDB
Warn : keep_alive() was not invoked in the 1000ms timelimit. GDB alive packet not sent! (60001). Workaround: increase "set remotetimeout" in GDB
Warn : keep_alive() was not invoked in the 1000ms timelimit. GDB alive packet not sent! (60000). Workaround: increase "set remotetimeout" in GDB
Warn : keep_alive() was not invoked in the 1000ms timelimit. GDB alive packet not sent! (60001). Workaround: increase "set remotetimeout" in GDB
Warn : keep_alive() was not invoked in the 1000ms timelimit. GDB alive packet not sent! (60000). Workaround: increase "set remotetimeout" in GDB
Warn : keep_alive() was not invoked in the 1000ms timelimit. GDB alive packet not sent! (897371). Workaround: increase "set remotetimeout" in GDB
Warn : keep_alive() was not invoked in the 1000ms timelimit. GDB alive packet not sent! (339736). Workaround: increase "set remotetimeout" in GDB
Warn : keep_alive() was not invoked in the 1000ms timelimit. GDB alive packet not sent! (1328321). Workaround: increase "set remotetimeout" in GDB
Warn : keep_alive() was not invoked in the 1000ms timelimit. GDB alive packet not sent! (662675). Workaround: increase "set remotetimeout" in GDB
Warn : keep_alive() was not invoked in the 1000ms timelimit. GDB alive packet not sent! (60000). Workaround: increase "set remotetimeout" in GDB
: keep_alive() was not invoked in the 1000ms timelimit. GDB alive packet not sent! (897371). Workaround: increase "set remotetimeout" in GDB
Warn : keep_alive() was not invoked in the 1000ms timelimit. GDB alive packet not sent! (339736). Workaround: increase "set remotetimeout" in GDB
Warn : keep_alive() was not invoked in the 1000ms timelimit. GDB alive packet not sent! (1930997). Workaround: increase "set remotetimeout" in GDB
Warn : keep_alive() was not invoked in the 1000ms timelimit. GDB alive packet not sent! (60000). Workaround: increase "set remotetimeout" in GDB
